Case #1: [E, A]
Case #2: [R, I, R]
Case #3: [F, D, T]
Case #4: [Z, E, R, A]
Case #5: []
Case #6: [B, E, U, O, E, T, O, D, R, I, N, K, Y, O, U, R, O, V, A, L, T, I, N, E]
Case #7: [J, I, W]
Case #8: [W, U, G, U, E]
Case #9: [O, V, L, K, L, F, P, R]
Case #10: [K, D, Q, B, T, Q, Q, R, E, T, O, Q, K, R, E, J, F, D, Z, E, Y, H, Y, Y, K, W, I, Q]
Case #11: [H, A, W]
Case #12: [G, O, O, V, O, V, Y, P, Z, G]
Case #13: [C, J, K, G, F]
Case #14: [D]
Case #15: [V, Y, V, Z, U, N, W, G, S, K, U, R, Y, P, U, I, X, G, O, Z, E, K, V, F, W, E, N, Y, T, O, E, Q, N, Q, D, T, K, U, A, V, L, Z, Z, Z, E, K, M, S, G]
Case #16: [I, F, O]
Case #17: [D]
Case #18: [O, M, C, K, K, O, U, I, B]
Case #19: [U, P, Q, G, T, M, X, G, Q, D, Q, H, L, U, F, I, S, T, G, F, Q]
Case #20: []
Case #21: [A]
Case #22: [A, G, Y, I]
Case #23: [U, H, M, C, B, U, R]
Case #24: [W, C, D, X, J]
Case #25: [F, Z, S, S, C, S, B, H, J, Q, V]
Case #26: [P, G, G]
Case #27: [I, K, H, P, T, X, J, O]
Case #28: [H, V, X, V, E, I]
Case #29: [V, H, H]
Case #30: [A, A, A, A, A, A, A, A, A, A]
Case #31: [R, A, F]
Case #32: []
Case #33: [N, M, T]
Case #34: [U, I, Z, J, C, Z, H, B, L]
Case #35: [X, X, S]
Case #36: [N, V, V, P, A]
Case #37: []
Case #38: [W]
Case #39: [W, H, I, C, H, S, E, A, T, S, H, O, U, L, I, D, T, A, A, A, A, A, A, A, A, A, A, A, A, A, A, A, A, A, A, A, A, A, A, A, A, A, A, A, A, A, A, A, A, A, A, A, A, A, A, A, A, A, A, A, A, A, K, A, E]
Case #40: [Z, Z, Z, Z, Z, Z, Z, Z, Z, Z, Z, Z, Z, Z, Z, Z, Z, Z, Z, Z, Z, Z, Z, Z, Z, Z, Z, Z, Z, Z, Z, Z, Z, Z, Z, Z, Z, Z, Z, Z, Z, Z, Z, Z, Z, R]
Case #41: [W, Y, G, L, A, M, H, T, J, R, U, R, Y, D, L]
Case #42: [Q]
Case #43: [E, D]
Case #44: [K]
Case #45: [E, O]
Case #46: [Z, Z, Z, Z, Z]
Case #47: [K, R]
Case #48: [C]
Case #49: [L]
Case #50: [F]
Case #51: [Z, H, N, M, J, Q]
Case #52: [S]
Case #53: [T, Z, J, O, V, G, U, H, H, V, E, F, D, K, C]
Case #54: [D, Y]
Case #55: [O, I, W]
Case #56: [Q]
Case #57: [T, T, D, K, J, Q, K, J, V, B, S]
Case #58: [F, R, I, D, A, Y, F, R, I, D, A, Y, G, O, T, T, A, G, E, T, D, O, W, N, O, N, F, R, I, D, A, Y]
Case #59: [N, U, Y, H, G, O, M, U, P, G, P, V, C, T, J, G]
Case #60: []
Case #61: [E]
Case #62: []
Case #63: [E, D]
Case #64: [U, N, N]
Case #65: []
Case #66: [D]
Case #67: [Q, Q, W, E, R, G, D, F, S]
Case #68: []
Case #69: []
Case #70: []
Case #71: [B, K]
Case #72: [V, L, X, X, E, T, W, B, U, A, M, E, G, Z, S, S, R, B, Q, T, K, Q, G, F, O, C, W, B, D, G, Z, K, C, N, P, I, P, A, K, B, F, A, C, H, A, I, H, N, E]
Case #73: []
Case #74: [T, K, B, K, J, C, B, N, Z, Z]
Case #75: [U, F]
Case #76: [D, E, A, F, D, E, A, R, S]
Case #77: [J, D, P, R, R, K]
Case #78: [M, F, S, C, U, K]
Case #79: [H, U, N, D, M, T, T, W, L, R, O, T, U]
Case #80: [N, A, N, A, N, A, N, A, N, A, N, A, N, A, N, A, N, A, N, A, N, A, N, A, N, A, N, A, N, A, N, A, N, A, N, A, N, A, N, A, B, A, T, M, A, N]
Case #81: [Y, U, A]
Case #82: [A, W, A, R, E, N, E, S, S]
Case #83: []
Case #84: [T, H, E, C, A, K, C, W, S, A, L, I, E]
Case #85: [N]
Case #86: [K, H, Q]
Case #87: [X]
Case #88: []
Case #89: [W, C, N, M, O, O, B, U]
Case #90: [B, E]
Case #91: [Y, M, C, M, B, C, H, K, G, C, I, P, H, N, B, M, H, H, G, G, G, G, H, B, Y, L, J, J, P, B, B, B, K, K, J, H, U, B, M, B, U, B, J, K, C, L, O, F]
Case #92: [A]
Case #93: [E, E, I, L, B, D]
Case #94: []
Case #95: []
Case #96: [B, Z]
Case #97: [Y, I, M, M, G, S]
Case #98: [P, C, G, G, J, X, P, P, K, Y, M, X, K, M, P, U, T, Y, B, J, T, P, P, Y, T, B, P, X, N, Y, V, P, N, U, T, H, N, K, M, K, Y, U, M, P, G, G, Y, X, P, O]
Case #99: [D, R, P, P, S]
Case #100: [W, B, B, W]
